<?xml version="1.0" encoding="UTF-8"?>
<!-- Generated by org.testng.reporters.JUnitReportReporter -->
<testsuite hostname="TYSS-Shobha" failures="0" tests="1" name="campaigns.CreateCampaignsTest" time="23.424" errors="0" timestamp="2025-07-08T08:03:07 IST" skipped="0">
  <testcase classname="campaigns.CreateCampaignsTest" name="createCampaignsTest" time="23.424"/>
</testsuite> <!-- campaigns.CreateCampaignsTest -->
