<?xml version="1.0" encoding="UTF-8"?>
<!-- Generated by org.testng.reporters.JUnitReportReporter -->
<testsuite hostname="TYSS-Shobha" failures="0" tests="3" name="TestNG_Pratice.DataProviderEx1" time="0.015" errors="0" timestamp="2025-06-28T07:44:38 IST" skipped="0">
  <testcase classname="TestNG_Pratice.DataProviderEx1" name="bookTickets" time="0.012"/>
  <testcase classname="TestNG_Pratice.DataProviderEx1" name="bookTickets" time="0.001"/>
  <testcase classname="TestNG_Pratice.DataProviderEx1" name="bookTickets" time="0.002"/>
</testsuite> <!-- TestNG_Pratice.DataProviderEx1 -->
