<?xml version="1.0" encoding="UTF-8"?>
<!-- Generated by org.testng.reporters.JUnitReportReporter -->
<testsuite hostname="TYSS-Shobha" failures="0" tests="3" name="TestNG_Pratice.DataProviderEx2" time="77.766" errors="0" timestamp="2025-06-28T07:57:38 IST" skipped="0">
  <testcase classname="TestNG_Pratice.DataProviderEx2" name="createContact" time="34.564"/>
  <testcase classname="TestNG_Pratice.DataProviderEx2" name="createContact" time="21.454"/>
  <testcase classname="TestNG_Pratice.DataProviderEx2" name="createContact" time="21.748"/>
</testsuite> <!-- TestNG_Pratice.DataProviderEx2 -->
