<?xml version="1.0" encoding="UTF-8"?>
<!-- Generated by org.testng.reporters.JUnitReportReporter -->
<testsuite hostname="TYSS-Shobha" failures="0" tests="1" name="Contact.CreateContactTest" time="24.072" errors="0" timestamp="2025-07-08T08:04:42 IST" skipped="0">
  <testcase classname="Contact.CreateContactTest" name="CreateContactTest" time="24.072"/>
</testsuite> <!-- Contact.CreateContactTest -->
