<?xml version="1.0" encoding="UTF-8"?>
<!-- Generated by org.testng.reporters.JUnitReportReporter -->
<testsuite hostname="TYSS-Shobha" failures="0" tests="1" name="campaigns.CreateCampaignWithProductTest" time="36.129" errors="0" timestamp="2025-07-08T08:03:59 IST" skipped="0">
  <testcase classname="campaigns.CreateCampaignWithProductTest" name="createCampaignWithProductTest" time="36.129"/>
</testsuite> <!-- campaigns.CreateCampaignWithProductTest -->
