<?xml version="1.0" encoding="UTF-8"?>
<!-- Generated by org.testng.reporters.JUnitReportReporter -->
<testsuite hostname="TYSS-Shobha" failures="0" tests="3" name="TestNG_Pratice.DataProviderEx3" time="71.473" errors="0" timestamp="2025-06-28T08:58:13 IST" skipped="0">
  <testcase classname="TestNG_Pratice.DataProviderEx3" name="createContact" time="23.689"/>
  <testcase classname="TestNG_Pratice.DataProviderEx3" name="createContact" time="23.488"/>
  <testcase classname="TestNG_Pratice.DataProviderEx3" name="createContact" time="24.296"/>
</testsuite> <!-- TestNG_Pratice.DataProviderEx3 -->
