<?xml version="1.0" encoding="UTF-8"?>
<!-- Generated by org.testng.reporters.JUnitReportReporter -->
<testsuite hostname="TYSS-Shobha" failures="0" tests="1" name="product.CreateProductTest" time="24.980" errors="0" timestamp="2025-07-08T08:06:07 IST" skipped="0">
  <testcase classname="product.CreateProductTest" name="createProductTest" time="24.980"/>
</testsuite> <!-- product.CreateProductTest -->
