<?xml version="1.0" encoding="UTF-8"?>
<!-- Generated by org.testng.reporters.JUnitReportReporter -->
<testsuite hostname="TYSS-Shobha" failures="0" tests="3" name="TestNG_Pratice.SampleTest" time="0.025" errors="0" timestamp="2025-06-27T08:56:29 IST" skipped="0">
  <testcase classname="TestNG_Pratice.SampleTest" name="deleteProduct" time="0.003"/>
  <testcase classname="TestNG_Pratice.SampleTest" name="modifyProduct" time="0.003"/>
  <testcase classname="TestNG_Pratice.SampleTest" name="createProduct" time="0.019"/>
</testsuite> <!-- TestNG_Pratice.SampleTest -->
